C:\USERS\THOMAS\DOCUMENTS\VISUAL STUDIO 2010\PROJECTS\REVERSI\DEBUG\REVERSI.EXE
C:\USERS\THOMAS\DOCUMENTS\VISUAL STUDIO 2010\PROJECTS\REVERSI\DEBUG\REVERSI.ILK
C:\USERS\THOMAS\DOCUMENTS\VISUAL STUDIO 2010\PROJECTS\REVERSI\DEBUG\REVERSI.PDB
C:\USERS\THOMAS\DOCUMENTS\VISUAL STUDIO 2010\PROJECTS\REVERSI\REVERSI\DEBUG\BOARD.OBJ
C:\USERS\THOMAS\DOCUMENTS\VISUAL STUDIO 2010\PROJECTS\REVERSI\REVERSI\DEBUG\BOARDSQUARE.OBJ
C:\Users\Thomas\documents\visual studio 2010\Projects\Reversi\Reversi\Debug\cl.command.1.tlog
C:\Users\Thomas\documents\visual studio 2010\Projects\Reversi\Reversi\Debug\CL.read.1.tlog
C:\Users\Thomas\documents\visual studio 2010\Projects\Reversi\Reversi\Debug\CL.write.1.tlog
C:\Users\Thomas\documents\visual studio 2010\Projects\Reversi\Reversi\Debug\link.command.1.tlog
C:\Users\Thomas\documents\visual studio 2010\Projects\Reversi\Reversi\Debug\link.read.1.tlog
C:\Users\Thomas\documents\visual studio 2010\Projects\Reversi\Reversi\Debug\link.write.1.tlog
C:\USERS\THOMAS\DOCUMENTS\VISUAL STUDIO 2010\PROJECTS\REVERSI\REVERSI\DEBUG\MAIN.OBJ
C:\Users\Thomas\documents\visual studio 2010\Projects\Reversi\Reversi\Debug\mt.command.1.tlog
C:\Users\Thomas\documents\visual studio 2010\Projects\Reversi\Reversi\Debug\mt.read.1.tlog
C:\Users\Thomas\documents\visual studio 2010\Projects\Reversi\Reversi\Debug\mt.write.1.tlog
C:\USERS\THOMAS\DOCUMENTS\VISUAL STUDIO 2010\PROJECTS\REVERSI\REVERSI\DEBUG\REVERSI.EXE.INTERMEDIATE.MANIFEST
C:\Users\Thomas\documents\visual studio 2010\Projects\Reversi\Reversi\Debug\Reversi.vcxprojResolveAssemblyReference.cache
C:\Users\Thomas\documents\visual studio 2010\Projects\Reversi\Reversi\Debug\Reversi.write.1.tlog
C:\USERS\THOMAS\DOCUMENTS\VISUAL STUDIO 2010\PROJECTS\REVERSI\REVERSI\DEBUG\REVERSIMODEL.OBJ
C:\USERS\THOMAS\DOCUMENTS\VISUAL STUDIO 2010\PROJECTS\REVERSI\REVERSI\DEBUG\TURN.OBJ
C:\Users\Thomas\documents\visual studio 2010\Projects\Reversi\Reversi\Debug\vc100.idb
C:\USERS\THOMAS\DOCUMENTS\VISUAL STUDIO 2010\PROJECTS\REVERSI\REVERSI\DEBUG\VC100.PDB
